/*C12*/SET SCHEMA PUBLIC
DELETE FROM CARS WHERE ID=142
COMMIT
INSERT INTO CARS VALUES(152,'ghwrh',21525,3263563)
ALTER SEQUENCE PUBLIC.HIBERNATE_SEQUENCE RESTART WITH 171
COMMIT
DISCONNECT
/*C13*/SET SCHEMA PUBLIC
DISCONNECT
/*C14*/SET SCHEMA PUBLIC
DISCONNECT
/*C15*/SET SCHEMA PUBLIC
DISCONNECT
/*C16*/SET SCHEMA PUBLIC
DISCONNECT
/*C17*/SET SCHEMA PUBLIC
DISCONNECT
/*C18*/SET SCHEMA PUBLIC
DISCONNECT
/*C19*/SET SCHEMA PUBLIC
DISCONNECT
/*C20*/SET SCHEMA PUBLIC
DISCONNECT
/*C21*/SET SCHEMA PUBLIC
DISCONNECT
